<?xml version="1.0" encoding="UTF-8"?>
<testsuite name="Payment flow test" tests="1" skipped="0" failures="0" errors="0" timestamp="2020-11-09T03:10:53" hostname="DESKTOP-MR3ETBS" time="39.298">
  <properties/>
  <testcase name="Checkout" classname="Payment flow test" time="39.298"/>
  <system-out><![CDATA[
Feature: Payment flow test

  Scenario: Checkout                           ?[90m# src/test/resources/features/payment/payment.feature:3?[0m
22:10:53.334 [Test worker] INFO   - 
 _____ _____ ____ _____   ____ _____  _    ____ _____ _____ ____  
|_   _| ____/ ___|_   _| / ___|_   _|/ \  |  _ \_   _| ____|  _ \ 
  | | |  _| \___ \ | |   \___ \ | | / _ \ | |_) || | |  _| | | | |
  | | | |___ ___) || |    ___) || |/ ___ \|  _ < | | | |___| |_| |
  |_| |_____|____/ |_|   |____/ |_/_/   \_\_| \_\|_| |_____|____/ 

Checkout(payment-flow-test;checkout)
-------------------------------------------------------------------
22:10:53.786 [Test worker] INFO  n.s.c.w.d.ProvideNewDriver - Instantiating driver
22:10:53.787 [Test worker] INFO  n.s.c.w.d.ProvideNewDriver - Driver capabilities: Capabilities {acceptInsecureCerts: false, browserName: chrome, chrome.switches: --start-maximized;--test-ty..., goog:chromeOptions: {args: [--start-maximized, --test-type, --no-sandbox, --ignore-certificate-errors..., --disable-popup-blocking, --disable-default-apps, --disable-extensions-file-a..., --incognito, --disable-infobars, --disable-gpu], extensions: []}, loggingPrefs: org.openqa.selenium.logging..., platform: ANY, version: }
    ?[32mGiven ?[0m?[32m?[0m?[32m?[1mAngie?[0m?[32m load and navigate to main page?[0m ?[90m# PaymentStepDefinitions.load_and_navigate_to_main_page(String)?[0m
    ?[32mWhen ?[0m?[32mshe test payment flow?[0m                 ?[90m# PaymentStepDefinitions.she_test_payment_flow()?[0m
]]></system-out>
  <system-err><![CDATA[Nov 08, 2020 10:10:53 PM org.openqa.selenium.remote.DesiredCapabilities chrome
INFO: Using `new ChromeOptions()` is preferred to `DesiredCapabilities.chrome()`
Starting ChromeDriver 86.0.4240.22 (398b0743353ff36fb1b82468f63a3a93b4e2e89e-refs/branch-heads/4240@{#378}) on port 6465
Only local connections are allowed.
Please see https://chromedriver.chromium.org/security-considerations for suggestions on keeping ChromeDriver safe.
ChromeDriver was started successfully.
Nov 08, 2020 10:10:57 PM org.openqa.selenium.remote.ProtocolHandshake createSession
INFO: Detected dialect: W3C
]]></system-err>
</testsuite>
